Determining if the function sgemm_ exists failed with the following output:
Change Dir: /home/nnna/Prj/slambook2/ch9/build/CMakeFiles/CMakeTmp

Run Build Command(s):/usr/bin/ninja cmTC_92d58 && [1/2] Building C object CMakeFiles/cmTC_92d58.dir/CheckFunctionExists.c.o
[2/2] Linking C executable cmTC_92d58
FAILED: cmTC_92d58 
: && /usr/bin/gcc -DCHECK_FUNCTION_EXISTS=sgemm_  -rdynamic CMakeFiles/cmTC_92d58.dir/CheckFunctionExists.c.o  -o cmTC_92d58   && :
/usr/bin/ld: CMakeFiles/cmTC_92d58.dir/CheckFunctionExists.c.o: in function `main':
CheckFunctionExists.c:(.text+0x14): undefined reference to `sgemm_'
collect2: error: ld returned 1 exit status
ninja: build stopped: subcommand failed.



Performing C SOURCE FILE Test CMAKE_HAVE_LIBC_PTHREAD failed with the following output:
Change Dir: /home/nnna/Prj/slambook2/ch9/build/CMakeFiles/CMakeTmp

Run Build Command(s):/usr/bin/ninja cmTC_bea17 && [1/2] Building C object CMakeFiles/cmTC_bea17.dir/src.c.o
[2/2] Linking C executable cmTC_bea17
FAILED: cmTC_bea17 
: && /usr/bin/gcc -DCMAKE_HAVE_LIBC_PTHREAD  -rdynamic CMakeFiles/cmTC_bea17.dir/src.c.o  -o cmTC_bea17   && :
/usr/bin/ld: CMakeFiles/cmTC_bea17.dir/src.c.o: in function `main':
src.c:(.text+0x46): undefined reference to `pthread_create'
/usr/bin/ld: src.c:(.text+0x52): undefined reference to `pthread_detach'
/usr/bin/ld: src.c:(.text+0x63): undefined reference to `pthread_join'
collect2: error: ld returned 1 exit status
ninja: build stopped: subcommand failed.


Source file was:
#include <pthread.h>

void* test_func(void* data)
{
  return data;
}

int main(void)
{
  pthread_t thread;
  pthread_create(&thread, NULL, test_func, NULL);
  pthread_detach(thread);
  pthread_join(thread, NULL);
  pthread_atfork(NULL, NULL, NULL);
  pthread_exit(NULL);

  return 0;
}

Determining if the function pthread_create exists in the pthreads failed with the following output:
Change Dir: /home/nnna/Prj/slambook2/ch9/build/CMakeFiles/CMakeTmp

Run Build Command(s):/usr/bin/ninja cmTC_7fa53 && [1/2] Building C object CMakeFiles/cmTC_7fa53.dir/CheckFunctionExists.c.o
[2/2] Linking C executable cmTC_7fa53
FAILED: cmTC_7fa53 
: && /usr/bin/gcc -DCHECK_FUNCTION_EXISTS=pthread_create  -rdynamic CMakeFiles/cmTC_7fa53.dir/CheckFunctionExists.c.o  -o cmTC_7fa53  -lpthreads && :
/usr/bin/ld: 找不到 -lpthreads
collect2: error: ld returned 1 exit status
ninja: build stopped: subcommand failed.



Determining if the function cheev_ exists failed with the following output:
Change Dir: /home/nnna/Prj/slambook2/ch9/build/CMakeFiles/CMakeTmp

Run Build Command(s):/usr/bin/ninja cmTC_59b35 && [1/2] Building C object CMakeFiles/cmTC_59b35.dir/CheckFunctionExists.c.o
[2/2] Linking C executable cmTC_59b35
FAILED: cmTC_59b35 
: && /usr/bin/gcc -DCHECK_FUNCTION_EXISTS=cheev_  -rdynamic CMakeFiles/cmTC_59b35.dir/CheckFunctionExists.c.o  -o cmTC_59b35  /usr/lib/x86_64-linux-gnu/libf77blas.so  /usr/lib/x86_64-linux-gnu/libatlas.so && :
/usr/bin/ld: CMakeFiles/cmTC_59b35.dir/CheckFunctionExists.c.o: in function `main':
CheckFunctionExists.c:(.text+0x14): undefined reference to `cheev_'
collect2: error: ld returned 1 exit status
ninja: build stopped: subcommand failed.



