Determining if the function sgemm_ exists failed with the following output:
Change Dir: /home/nnna/Prj/slambook2/ch9/build2/CMakeFiles/CMakeTmp

Run Build Command(s):/usr/bin/make cmTC_ef167/fast && /usr/bin/make -f CMakeFiles/cmTC_ef167.dir/build.make CMakeFiles/cmTC_ef167.dir/build
make[1]: 进入目录“/home/nnna/Prj/slambook2/ch9/build2/CMakeFiles/CMakeTmp”
Building C object CMakeFiles/cmTC_ef167.dir/CheckFunctionExists.c.o
/usr/bin/cc   -DCHECK_FUNCTION_EXISTS=sgemm_   -o CMakeFiles/cmTC_ef167.dir/CheckFunctionExists.c.o   -c /usr/share/cmake-3.16/Modules/CheckFunctionExists.c
Linking C executable cmTC_ef167
/usr/bin/cmake -E cmake_link_script CMakeFiles/cmTC_ef167.dir/link.txt --verbose=1
/usr/bin/cc  -DCHECK_FUNCTION_EXISTS=sgemm_    -rdynamic CMakeFiles/cmTC_ef167.dir/CheckFunctionExists.c.o  -o cmTC_ef167 
/usr/bin/ld: CMakeFiles/cmTC_ef167.dir/CheckFunctionExists.c.o: in function `main':
CheckFunctionExists.c:(.text+0x14): undefined reference to `sgemm_'
collect2: error: ld returned 1 exit status
make[1]: *** [CMakeFiles/cmTC_ef167.dir/build.make:87：cmTC_ef167] 错误 1
make[1]: 离开目录“/home/nnna/Prj/slambook2/ch9/build2/CMakeFiles/CMakeTmp”
make: *** [Makefile:121：cmTC_ef167/fast] 错误 2



Performing C SOURCE FILE Test CMAKE_HAVE_LIBC_PTHREAD failed with the following output:
Change Dir: /home/nnna/Prj/slambook2/ch9/build2/CMakeFiles/CMakeTmp

Run Build Command(s):/usr/bin/make cmTC_74cac/fast && /usr/bin/make -f CMakeFiles/cmTC_74cac.dir/build.make CMakeFiles/cmTC_74cac.dir/build
make[1]: 进入目录“/home/nnna/Prj/slambook2/ch9/build2/CMakeFiles/CMakeTmp”
Building C object CMakeFiles/cmTC_74cac.dir/src.c.o
/usr/bin/cc   -DCMAKE_HAVE_LIBC_PTHREAD   -o CMakeFiles/cmTC_74cac.dir/src.c.o   -c /home/nnna/Prj/slambook2/ch9/build2/CMakeFiles/CMakeTmp/src.c
Linking C executable cmTC_74cac
/usr/bin/cmake -E cmake_link_script CMakeFiles/cmTC_74cac.dir/link.txt --verbose=1
/usr/bin/cc  -DCMAKE_HAVE_LIBC_PTHREAD    -rdynamic CMakeFiles/cmTC_74cac.dir/src.c.o  -o cmTC_74cac 
/usr/bin/ld: CMakeFiles/cmTC_74cac.dir/src.c.o: in function `main':
src.c:(.text+0x46): undefined reference to `pthread_create'
/usr/bin/ld: src.c:(.text+0x52): undefined reference to `pthread_detach'
/usr/bin/ld: src.c:(.text+0x63): undefined reference to `pthread_join'
collect2: error: ld returned 1 exit status
make[1]: *** [CMakeFiles/cmTC_74cac.dir/build.make:87：cmTC_74cac] 错误 1
make[1]: 离开目录“/home/nnna/Prj/slambook2/ch9/build2/CMakeFiles/CMakeTmp”
make: *** [Makefile:121：cmTC_74cac/fast] 错误 2


Source file was:
#include <pthread.h>

void* test_func(void* data)
{
  return data;
}

int main(void)
{
  pthread_t thread;
  pthread_create(&thread, NULL, test_func, NULL);
  pthread_detach(thread);
  pthread_join(thread, NULL);
  pthread_atfork(NULL, NULL, NULL);
  pthread_exit(NULL);

  return 0;
}

Determining if the function pthread_create exists in the pthreads failed with the following output:
Change Dir: /home/nnna/Prj/slambook2/ch9/build2/CMakeFiles/CMakeTmp

Run Build Command(s):/usr/bin/make cmTC_03c7e/fast && /usr/bin/make -f CMakeFiles/cmTC_03c7e.dir/build.make CMakeFiles/cmTC_03c7e.dir/build
make[1]: 进入目录“/home/nnna/Prj/slambook2/ch9/build2/CMakeFiles/CMakeTmp”
Building C object CMakeFiles/cmTC_03c7e.dir/CheckFunctionExists.c.o
/usr/bin/cc   -DCHECK_FUNCTION_EXISTS=pthread_create   -o CMakeFiles/cmTC_03c7e.dir/CheckFunctionExists.c.o   -c /usr/share/cmake-3.16/Modules/CheckFunctionExists.c
Linking C executable cmTC_03c7e
/usr/bin/cmake -E cmake_link_script CMakeFiles/cmTC_03c7e.dir/link.txt --verbose=1
/usr/bin/cc  -DCHECK_FUNCTION_EXISTS=pthread_create    -rdynamic CMakeFiles/cmTC_03c7e.dir/CheckFunctionExists.c.o  -o cmTC_03c7e  -lpthreads 
/usr/bin/ld: 找不到 -lpthreads
collect2: error: ld returned 1 exit status
make[1]: *** [CMakeFiles/cmTC_03c7e.dir/build.make:87：cmTC_03c7e] 错误 1
make[1]: 离开目录“/home/nnna/Prj/slambook2/ch9/build2/CMakeFiles/CMakeTmp”
make: *** [Makefile:121：cmTC_03c7e/fast] 错误 2



Determining if the function cheev_ exists failed with the following output:
Change Dir: /home/nnna/Prj/slambook2/ch9/build2/CMakeFiles/CMakeTmp

Run Build Command(s):/usr/bin/make cmTC_f7f0e/fast && /usr/bin/make -f CMakeFiles/cmTC_f7f0e.dir/build.make CMakeFiles/cmTC_f7f0e.dir/build
make[1]: 进入目录“/home/nnna/Prj/slambook2/ch9/build2/CMakeFiles/CMakeTmp”
Building C object CMakeFiles/cmTC_f7f0e.dir/CheckFunctionExists.c.o
/usr/bin/cc   -DCHECK_FUNCTION_EXISTS=cheev_   -o CMakeFiles/cmTC_f7f0e.dir/CheckFunctionExists.c.o   -c /usr/share/cmake-3.16/Modules/CheckFunctionExists.c
Linking C executable cmTC_f7f0e
/usr/bin/cmake -E cmake_link_script CMakeFiles/cmTC_f7f0e.dir/link.txt --verbose=1
/usr/bin/cc  -DCHECK_FUNCTION_EXISTS=cheev_    -rdynamic CMakeFiles/cmTC_f7f0e.dir/CheckFunctionExists.c.o  -o cmTC_f7f0e  /usr/lib/x86_64-linux-gnu/libf77blas.so /usr/lib/x86_64-linux-gnu/libatlas.so 
/usr/bin/ld: CMakeFiles/cmTC_f7f0e.dir/CheckFunctionExists.c.o: in function `main':
CheckFunctionExists.c:(.text+0x14): undefined reference to `cheev_'
collect2: error: ld returned 1 exit status
make[1]: *** [CMakeFiles/cmTC_f7f0e.dir/build.make:89：cmTC_f7f0e] 错误 1
make[1]: 离开目录“/home/nnna/Prj/slambook2/ch9/build2/CMakeFiles/CMakeTmp”
make: *** [Makefile:121：cmTC_f7f0e/fast] 错误 2



